<?xml version="1.0" encoding="UTF-8"?>
<testng-results ignored="0" total="1" passed="1" failed="0" skipped="0">
  <reporter-output>
  </reporter-output>
  <suite started-at="2022-03-24T12:29:57 IST" name="Default suite" finished-at="2022-03-24T12:32:10 IST" duration-ms="133101">
    <groups>
    </groups>
    <test started-at="2022-03-24T12:29:57 IST" name="Default test" finished-at="2022-03-24T12:32:10 IST" duration-ms="133101">
      <class name="practice.ParameterTest">
        <test-method signature="credentials()[pri:0, instance:practice.ParameterTest@3e11f9e9]" started-at="2022-03-24T12:29:57 IST" name="credentials" finished-at="2022-03-24T12:32:10 IST" duration-ms="132947" status="PASS">
          <reporter-output>
          </reporter-output>
        </test-method> <!-- credentials -->
      </class> <!-- practice.ParameterTest -->
    </test> <!-- Default test -->
  </suite> <!-- Default suite -->
</testng-results>
