<?xml version="1.0" encoding="UTF-8"?>
<testng-results ignored="0" total="1" passed="1" failed="0" skipped="0">
  <reporter-output>
  </reporter-output>
  <suite started-at="2022-03-23T12:09:43 IST" name="Default suite" finished-at="2022-03-23T12:09:44 IST" duration-ms="70">
    <groups>
    </groups>
    <test started-at="2022-03-23T12:09:43 IST" name="Default test" finished-at="2022-03-23T12:09:44 IST" duration-ms="70">
      <class name="practice.ParameterTest">
        <test-method signature="credentials()[pri:0, instance:practice.ParameterTest@1da2cb77]" started-at="2022-03-23T12:09:44 IST" name="credentials" finished-at="2022-03-23T12:09:44 IST" duration-ms="15" status="PASS">
          <reporter-output>
          </reporter-output>
        </test-method> <!-- credentials -->
      </class> <!-- practice.ParameterTest -->
    </test> <!-- Default test -->
  </suite> <!-- Default suite -->
</testng-results>
